<?xml version="1.0" encoding="utf-8"?><testsuites name="pytest tests"><testsuite name="pytest" errors="0" failures="0" skipped="0" tests="28" time="27.923" timestamp="2026-03-04T07:04:56.411219+00:00" hostname="agent-env-07be5759-6f25-44e1-9d36-8493a48e05e6"><testcase classname="backend.tests.test_medconnect_api.TestHealthAndRoot" name="test_api_root" time="0.205" /><testcase classname="backend.tests.test_medconnect_api.TestAuthentication" name="test_register_consumer" time="0.367" /><testcase classname="backend.tests.test_medconnect_api.TestAuthentication" name="test_register_pharmacy_owner" time="0.353" /><testcase classname="backend.tests.test_medconnect_api.TestAuthentication" name="test_register_duplicate_email" time="0.447" /><testcase classname="backend.tests.test_medconnect_api.TestAuthentication" name="test_login_success" time="0.709" /><testcase classname="backend.tests.test_medconnect_api.TestAuthentication" name="test_login_invalid_credentials" time="0.103" /><testcase classname="backend.tests.test_medconnect_api.TestAuthentication" name="test_auth_me_with_token" time="0.445" /><testcase classname="backend.tests.test_medconnect_api.TestAuthentication" name="test_auth_me_without_token" time="0.105" /><testcase classname="backend.tests.test_medconnect_api.TestMedicines" name="test_list_medicines" time="0.113" /><testcase classname="backend.tests.test_medconnect_api.TestMedicines" name="test_get_categories" time="0.103" /><testcase classname="backend.tests.test_medconnect_api.TestMedicines" name="test_search_medicines" time="0.143" /><testcase classname="backend.tests.test_medconnect_api.TestMedicines" name="test_filter_by_category" time="0.105" /><testcase classname="backend.tests.test_medconnect_api.TestMedicines" name="test_get_medicine_by_id" time="0.102" /><testcase classname="backend.tests.test_medconnect_api.TestMedicines" name="test_get_medicine_not_found" time="0.184" /><testcase classname="backend.tests.test_medconnect_api.TestMedicines" name="test_get_alternatives" time="0.116" /><testcase classname="backend.tests.test_medconnect_api.TestPriceComparison" name="test_compare_by_medicine_id" time="0.136" /><testcase classname="backend.tests.test_medconnect_api.TestPriceComparison" name="test_compare_by_generic_name" time="0.124" /><testcase classname="backend.tests.test_medconnect_api.TestPharmacies" name="test_list_pharmacies" time="0.103" /><testcase classname="backend.tests.test_medconnect_api.TestPharmacies" name="test_nearby_pharmacies" time="0.105" /><testcase classname="backend.tests.test_medconnect_api.TestPharmacyOwnerFlow" name="test_get_my_pharmacy_no_pharmacy" time="0.439" /><testcase classname="backend.tests.test_medconnect_api.TestPharmacyOwnerFlow" name="test_create_pharmacy" time="0.435" /><testcase classname="backend.tests.test_medconnect_api.TestPharmacyOwnerFlow" name="test_consumer_cannot_create_pharmacy" time="0.475" /><testcase classname="backend.tests.test_medconnect_api.TestInventory" name="test_get_pharmacy_inventory" time="0.219" /><testcase classname="backend.tests.test_medconnect_api.TestSmartOrder" name="test_smart_order_optimize" time="0.436" /><testcase classname="backend.tests.test_medconnect_api.TestOrders" name="test_get_orders_empty" time="0.437" /><testcase classname="backend.tests.test_medconnect_api.TestOrders" name="test_create_order" time="0.560" /><testcase classname="backend.tests.test_medconnect_api.TestAIPharmacist" name="test_ai_chat" time="8.046" /><testcase classname="backend.tests.test_medconnect_api.TestAIPharmacist" name="test_ai_medicine_info" time="12.716" /></testsuite></testsuites>